  main.cpp
C:\Users\thepr\Desktop\proiect POO\proiectPOO\main.cpp(32,22): warning C4473: 'sscanf_s' : not enough arguments passed for format string
C:\Users\thepr\Desktop\proiect POO\proiectPOO\main.cpp(32,22): message : placeholders and their parameters expect 3 variadic arguments, but 2 were provided
C:\Users\thepr\Desktop\proiect POO\proiectPOO\main.cpp(32,22): message : the missing variadic argument 3 is required by format string '%c'
C:\Users\thepr\Desktop\proiect POO\proiectPOO\main.cpp(32,22): message : this argument is used as a buffer size
C:\Users\thepr\Desktop\proiect POO\proiectPOO\main.cpp(47,23): warning C4473: 'sscanf_s' : not enough arguments passed for format string
C:\Users\thepr\Desktop\proiect POO\proiectPOO\main.cpp(47,23): message : placeholders and their parameters expect 3 variadic arguments, but 2 were provided
C:\Users\thepr\Desktop\proiect POO\proiectPOO\main.cpp(47,23): message : the missing variadic argument 3 is required by format string '%c'
C:\Users\thepr\Desktop\proiect POO\proiectPOO\main.cpp(47,23): message : this argument is used as a buffer size
C:\Users\thepr\Desktop\proiect POO\proiectPOO\main.cpp(61,24): warning C4473: 'sscanf_s' : not enough arguments passed for format string
C:\Users\thepr\Desktop\proiect POO\proiectPOO\main.cpp(61,24): message : placeholders and their parameters expect 3 variadic arguments, but 2 were provided
C:\Users\thepr\Desktop\proiect POO\proiectPOO\main.cpp(61,24): message : the missing variadic argument 3 is required by format string '%c'
C:\Users\thepr\Desktop\proiect POO\proiectPOO\main.cpp(61,24): message : this argument is used as a buffer size
C:\Users\thepr\Desktop\proiect POO\proiectPOO\main.cpp(101,25): warning C4473: 'sscanf_s' : not enough arguments passed for format string
C:\Users\thepr\Desktop\proiect POO\proiectPOO\main.cpp(101,25): message : placeholders and their parameters expect 3 variadic arguments, but 2 were provided
C:\Users\thepr\Desktop\proiect POO\proiectPOO\main.cpp(101,25): message : the missing variadic argument 3 is required by format string '%c'
C:\Users\thepr\Desktop\proiect POO\proiectPOO\main.cpp(101,25): message : this argument is used as a buffer size
C:\Users\thepr\Desktop\proiect POO\proiectPOO\main.cpp(123,25): warning C4473: 'sscanf_s' : not enough arguments passed for format string
C:\Users\thepr\Desktop\proiect POO\proiectPOO\main.cpp(123,25): message : placeholders and their parameters expect 3 variadic arguments, but 2 were provided
C:\Users\thepr\Desktop\proiect POO\proiectPOO\main.cpp(123,25): message : the missing variadic argument 3 is required by format string '%c'
C:\Users\thepr\Desktop\proiect POO\proiectPOO\main.cpp(123,25): message : this argument is used as a buffer size
C:\Users\thepr\Desktop\proiect POO\proiectPOO\main.cpp(180,28): warning C4473: 'sscanf_s' : not enough arguments passed for format string
C:\Users\thepr\Desktop\proiect POO\proiectPOO\main.cpp(180,28): message : placeholders and their parameters expect 3 variadic arguments, but 2 were provided
C:\Users\thepr\Desktop\proiect POO\proiectPOO\main.cpp(180,28): message : the missing variadic argument 3 is required by format string '%c'
C:\Users\thepr\Desktop\proiect POO\proiectPOO\main.cpp(180,28): message : this argument is used as a buffer size
C:\Users\thepr\Desktop\proiect POO\proiectPOO\main.cpp(194,29): warning C4473: 'sscanf_s' : not enough arguments passed for format string
C:\Users\thepr\Desktop\proiect POO\proiectPOO\main.cpp(194,29): message : placeholders and their parameters expect 3 variadic arguments, but 2 were provided
C:\Users\thepr\Desktop\proiect POO\proiectPOO\main.cpp(194,29): message : the missing variadic argument 3 is required by format string '%c'
C:\Users\thepr\Desktop\proiect POO\proiectPOO\main.cpp(194,29): message : this argument is used as a buffer size
C:\Users\thepr\Desktop\proiect POO\proiectPOO\main.cpp(207,28): warning C4473: 'sscanf_s' : not enough arguments passed for format string
C:\Users\thepr\Desktop\proiect POO\proiectPOO\main.cpp(207,28): message : placeholders and their parameters expect 3 variadic arguments, but 2 were provided
C:\Users\thepr\Desktop\proiect POO\proiectPOO\main.cpp(207,28): message : the missing variadic argument 3 is required by format string '%c'
C:\Users\thepr\Desktop\proiect POO\proiectPOO\main.cpp(207,28): message : this argument is used as a buffer size
C:\Users\thepr\Desktop\proiect POO\proiectPOO\main.cpp(221,29): warning C4473: 'sscanf_s' : not enough arguments passed for format string
C:\Users\thepr\Desktop\proiect POO\proiectPOO\main.cpp(221,29): message : placeholders and their parameters expect 3 variadic arguments, but 2 were provided
C:\Users\thepr\Desktop\proiect POO\proiectPOO\main.cpp(221,29): message : the missing variadic argument 3 is required by format string '%c'
C:\Users\thepr\Desktop\proiect POO\proiectPOO\main.cpp(221,29): message : this argument is used as a buffer size
C:\Users\thepr\Desktop\proiect POO\proiectPOO\main.cpp(278,28): warning C4473: 'sscanf_s' : not enough arguments passed for format string
C:\Users\thepr\Desktop\proiect POO\proiectPOO\main.cpp(278,28): message : placeholders and their parameters expect 3 variadic arguments, but 2 were provided
C:\Users\thepr\Desktop\proiect POO\proiectPOO\main.cpp(278,28): message : the missing variadic argument 3 is required by format string '%c'
C:\Users\thepr\Desktop\proiect POO\proiectPOO\main.cpp(278,28): message : this argument is used as a buffer size
C:\Users\thepr\Desktop\proiect POO\proiectPOO\main.cpp(292,29): warning C4473: 'sscanf_s' : not enough arguments passed for format string
C:\Users\thepr\Desktop\proiect POO\proiectPOO\main.cpp(292,29): message : placeholders and their parameters expect 3 variadic arguments, but 2 were provided
C:\Users\thepr\Desktop\proiect POO\proiectPOO\main.cpp(292,29): message : the missing variadic argument 3 is required by format string '%c'
C:\Users\thepr\Desktop\proiect POO\proiectPOO\main.cpp(292,29): message : this argument is used as a buffer size
C:\Users\thepr\Desktop\proiect POO\proiectPOO\main.cpp(305,28): warning C4473: 'sscanf_s' : not enough arguments passed for format string
C:\Users\thepr\Desktop\proiect POO\proiectPOO\main.cpp(305,28): message : placeholders and their parameters expect 3 variadic arguments, but 2 were provided
C:\Users\thepr\Desktop\proiect POO\proiectPOO\main.cpp(305,28): message : the missing variadic argument 3 is required by format string '%c'
C:\Users\thepr\Desktop\proiect POO\proiectPOO\main.cpp(305,28): message : this argument is used as a buffer size
C:\Users\thepr\Desktop\proiect POO\proiectPOO\main.cpp(319,29): warning C4473: 'sscanf_s' : not enough arguments passed for format string
C:\Users\thepr\Desktop\proiect POO\proiectPOO\main.cpp(319,29): message : placeholders and their parameters expect 3 variadic arguments, but 2 were provided
C:\Users\thepr\Desktop\proiect POO\proiectPOO\main.cpp(319,29): message : the missing variadic argument 3 is required by format string '%c'
C:\Users\thepr\Desktop\proiect POO\proiectPOO\main.cpp(319,29): message : this argument is used as a buffer size
C:\Users\thepr\Desktop\proiect POO\proiectPOO\main.cpp(376,28): warning C4473: 'sscanf_s' : not enough arguments passed for format string
C:\Users\thepr\Desktop\proiect POO\proiectPOO\main.cpp(376,28): message : placeholders and their parameters expect 3 variadic arguments, but 2 were provided
C:\Users\thepr\Desktop\proiect POO\proiectPOO\main.cpp(376,28): message : the missing variadic argument 3 is required by format string '%c'
C:\Users\thepr\Desktop\proiect POO\proiectPOO\main.cpp(376,28): message : this argument is used as a buffer size
C:\Users\thepr\Desktop\proiect POO\proiectPOO\main.cpp(390,29): warning C4473: 'sscanf_s' : not enough arguments passed for format string
C:\Users\thepr\Desktop\proiect POO\proiectPOO\main.cpp(390,29): message : placeholders and their parameters expect 3 variadic arguments, but 2 were provided
C:\Users\thepr\Desktop\proiect POO\proiectPOO\main.cpp(390,29): message : the missing variadic argument 3 is required by format string '%c'
C:\Users\thepr\Desktop\proiect POO\proiectPOO\main.cpp(390,29): message : this argument is used as a buffer size
C:\Users\thepr\Desktop\proiect POO\proiectPOO\main.cpp(403,28): warning C4473: 'sscanf_s' : not enough arguments passed for format string
C:\Users\thepr\Desktop\proiect POO\proiectPOO\main.cpp(403,28): message : placeholders and their parameters expect 3 variadic arguments, but 2 were provided
C:\Users\thepr\Desktop\proiect POO\proiectPOO\main.cpp(403,28): message : the missing variadic argument 3 is required by format string '%c'
C:\Users\thepr\Desktop\proiect POO\proiectPOO\main.cpp(403,28): message : this argument is used as a buffer size
C:\Users\thepr\Desktop\proiect POO\proiectPOO\main.cpp(417,29): warning C4473: 'sscanf_s' : not enough arguments passed for format string
C:\Users\thepr\Desktop\proiect POO\proiectPOO\main.cpp(417,29): message : placeholders and their parameters expect 3 variadic arguments, but 2 were provided
C:\Users\thepr\Desktop\proiect POO\proiectPOO\main.cpp(417,29): message : the missing variadic argument 3 is required by format string '%c'
C:\Users\thepr\Desktop\proiect POO\proiectPOO\main.cpp(417,29): message : this argument is used as a buffer size
C:\Users\thepr\Desktop\proiect POO\proiectPOO\main.cpp(462,25): warning C4473: 'sscanf_s' : not enough arguments passed for format string
C:\Users\thepr\Desktop\proiect POO\proiectPOO\main.cpp(462,25): message : placeholders and their parameters expect 3 variadic arguments, but 2 were provided
C:\Users\thepr\Desktop\proiect POO\proiectPOO\main.cpp(462,25): message : the missing variadic argument 3 is required by format string '%c'
C:\Users\thepr\Desktop\proiect POO\proiectPOO\main.cpp(462,25): message : this argument is used as a buffer size
C:\Users\thepr\Desktop\proiect POO\proiectPOO\main.cpp(504,25): warning C4473: 'sscanf_s' : not enough arguments passed for format string
C:\Users\thepr\Desktop\proiect POO\proiectPOO\main.cpp(504,25): message : placeholders and their parameters expect 3 variadic arguments, but 2 were provided
C:\Users\thepr\Desktop\proiect POO\proiectPOO\main.cpp(504,25): message : the missing variadic argument 3 is required by format string '%c'
C:\Users\thepr\Desktop\proiect POO\proiectPOO\main.cpp(504,25): message : this argument is used as a buffer size
C:\Users\thepr\Desktop\proiect POO\proiectPOO\main.cpp(545,25): warning C4473: 'sscanf_s' : not enough arguments passed for format string
C:\Users\thepr\Desktop\proiect POO\proiectPOO\main.cpp(545,25): message : placeholders and their parameters expect 3 variadic arguments, but 2 were provided
C:\Users\thepr\Desktop\proiect POO\proiectPOO\main.cpp(545,25): message : the missing variadic argument 3 is required by format string '%c'
C:\Users\thepr\Desktop\proiect POO\proiectPOO\main.cpp(545,25): message : this argument is used as a buffer size
C:\Users\thepr\Desktop\proiect POO\proiectPOO\main.cpp(591,25): warning C4473: 'sscanf_s' : not enough arguments passed for format string
C:\Users\thepr\Desktop\proiect POO\proiectPOO\main.cpp(591,25): message : placeholders and their parameters expect 3 variadic arguments, but 2 were provided
C:\Users\thepr\Desktop\proiect POO\proiectPOO\main.cpp(591,25): message : the missing variadic argument 3 is required by format string '%c'
C:\Users\thepr\Desktop\proiect POO\proiectPOO\main.cpp(591,25): message : this argument is used as a buffer size
C:\Users\thepr\Desktop\proiect POO\proiectPOO\main.cpp(635,25): warning C4473: 'sscanf_s' : not enough arguments passed for format string
C:\Users\thepr\Desktop\proiect POO\proiectPOO\main.cpp(635,25): message : placeholders and their parameters expect 3 variadic arguments, but 2 were provided
C:\Users\thepr\Desktop\proiect POO\proiectPOO\main.cpp(635,25): message : the missing variadic argument 3 is required by format string '%c'
C:\Users\thepr\Desktop\proiect POO\proiectPOO\main.cpp(635,25): message : this argument is used as a buffer size
  proiectPOO.vcxproj -> C:\Users\thepr\Desktop\proiect POO\proiectPOO\x64\Debug\proiectPOO.exe
